<?xml version="1.0" encoding="UTF-8"?>
<testng-results skipped="0" failed="0" ignored="0" total="2" passed="2">
  <reporter-output>
  </reporter-output>
  <suite name="Default suite" duration-ms="27056" started-at="2018-12-12T14:01:36Z" finished-at="2018-12-12T14:02:03Z">
    <groups>
    </groups>
    <test name="Default test" duration-ms="27056" started-at="2018-12-12T14:01:36Z" finished-at="2018-12-12T14:02:03Z">
      <class name="com.guru99.homepage.Guru99TestHomePage">
        <test-method status="PASS" signature="LogintomyAccount()[pri:1, instance:com.guru99.homepage.Guru99TestHomePage@3c0ecd4b]" name="LogintomyAccount" duration-ms="20288" started-at="2018-12-12T19:31:36Z" finished-at="2018-12-12T19:31:56Z">
          <reporter-output>
          </reporter-output>
        </test-method> <!-- LogintomyAccount -->
        <test-method status="PASS" signature="NewAccntCreation()[pri:2, instance:com.guru99.homepage.Guru99TestHomePage@3c0ecd4b]" name="NewAccntCreation" duration-ms="6736" started-at="2018-12-12T19:31:56Z" finished-at="2018-12-12T19:32:03Z">
          <reporter-output>
          </reporter-output>
        </test-method> <!-- NewAccntCreation -->
      </class> <!-- com.guru99.homepage.Guru99TestHomePage -->
    </test> <!-- Default test -->
  </suite> <!-- Default suite -->
</testng-results>
